<?xml version="1.0" encoding="UTF-8"?>
<!-- Generated by org.testng.reporters.JUnitReportReporter -->
<testsuite hostname="Юрий-ПК" name="com.example.tests.AlsoGroupCreationTests" tests="2" failures="0" timestamp="24 Aug 2015 22:34:45 GMT" time="19.414" errors="0">
  <testcase name="testEmptyGroupCreation" time="10.918" classname="com.example.tests.AlsoGroupCreationTests"/>
  <testcase name="testNonEmptyGroupCreation" time="8.496" classname="com.example.tests.AlsoGroupCreationTests"/>
</testsuite> <!-- com.example.tests.AlsoGroupCreationTests -->
