<?xml version="1.0" encoding="UTF-8"?>
<!-- Generated by org.testng.reporters.JUnitReportReporter -->
<testsuite hostname="Юрий-ПК" name="com.example.tests.GroupCreationTests" tests="2" failures="0" timestamp="27 Aug 2015 04:30:46 GMT" time="13.386" errors="0">
  <testcase name="testEmptyGroupCreation" time="6.023" classname="com.example.tests.GroupCreationTests"/>
  <testcase name="testNonEmptyGroupCreation" time="7.363" classname="com.example.tests.GroupCreationTests"/>
</testsuite> <!-- com.example.tests.GroupCreationTests -->
