<?xml version="1.0" encoding="UTF-8"?>
<!-- Generated by org.testng.reporters.JUnitReportReporter -->
<testsuite hostname="Юрий-ПК" name="com.example.tests.GroupCreationTests" tests="2" failures="0" timestamp="24 Aug 2015 22:34:45 GMT" time="13.304" errors="0">
  <testcase name="testNonEmptyGroupCreation" time="6.488" classname="com.example.tests.GroupCreationTests"/>
  <testcase name="testEmptyGroupCreation" time="6.816" classname="com.example.tests.GroupCreationTests"/>
</testsuite> <!-- com.example.tests.GroupCreationTests -->
