<?xml version="1.0" encoding="UTF-8"?>
<!-- Generated by org.testng.reporters.JUnitReportReporter -->
<testsuite hostname="Юрий-ПК" name="com.example.tests.AlsoGroupCreationTests" tests="2" failures="0" timestamp="27 Aug 2015 04:30:46 GMT" time="16.918" errors="0">
  <testcase name="testNonEmptyGroupCreation" time="5.738" classname="com.example.tests.AlsoGroupCreationTests"/>
  <testcase name="testEmptyGroupCreation" time="11.180" classname="com.example.tests.AlsoGroupCreationTests"/>
</testsuite> <!-- com.example.tests.AlsoGroupCreationTests -->
