<?xml version="1.0" encoding="UTF-8"?>
<!-- Generated by org.testng.reporters.JUnitReportReporter -->
<testsuite hostname="Юрий-ПК" name="com.example.tests.ContactCreationTests" tests="2" failures="0" timestamp="27 Aug 2015 04:30:46 GMT" time="15.293" errors="0">
  <testcase name="testEmptyContactCreation" time="7.235" classname="com.example.tests.ContactCreationTests"/>
  <testcase name="testNonEmptyContactCreation" time="8.058" classname="com.example.tests.ContactCreationTests"/>
</testsuite> <!-- com.example.tests.ContactCreationTests -->
